<?xml version="1.0" encoding="UTF-8"?>
<!-- Generated by org.testng.reporters.JUnitReportReporter -->
<testsuite hostname="SED-7TZPFB3" failures="0" tests="2" name="amazon.Test1" time="4.685" errors="0" timestamp="2022-11-29T14:42:17 CST" skipped="0">
  <testcase classname="amazon.Test1" name="searchBarTestEnter" time="2.303"/>
  <system-out/>
  <testcase classname="amazon.Test1" name="searchBarTestClick" time="2.382"/>
  <system-out/>
</testsuite> <!-- amazon.Test1 -->
