<?xml version="1.0" encoding="UTF-8"?>
<!-- Generated by org.testng.reporters.JUnitReportReporter -->
<testsuite hostname="DESKTOP-817HQ94" failures="0" tests="1" name="example.HTMLPopup" time="13.176" errors="0" timestamp="2022-09-26T01:11:09 CDT" skipped="0">
  <testcase classname="example.HTMLPopup" name="oppsTest" time="13.176"/>
  <system-out/>
</testsuite> <!-- example.HTMLPopup -->
