<?xml version="1.0" encoding="UTF-8"?>
<!-- Generated by org.testng.reporters.JUnitReportReporter -->
<testsuite hostname="DESKTOP-817HQ94" failures="0" tests="1" name="tests.ExplicitWaitExample" time="7.833" errors="0" timestamp="2022-10-02T22:46:22 CDT" skipped="0">
  <testcase classname="tests.ExplicitWaitExample" name="test" time="7.833"/>
  <system-out/>
</testsuite> <!-- tests.ExplicitWaitExample -->
