<?xml version="1.0" encoding="UTF-8"?>
<!-- Generated by org.testng.reporters.JUnitReportReporter -->
<testsuite hostname="DESKTOP-817HQ94" failures="0" tests="1" name="example.FileExistsTest" time="0.019" errors="0" timestamp="2022-09-26T21:50:26 CDT" skipped="0">
  <testcase classname="example.FileExistsTest" name="test" time="0.019"/>
  <system-out/>
</testsuite> <!-- example.FileExistsTest -->
