<?xml version="1.0" encoding="UTF-8"?>
<!-- Generated by org.testng.reporters.JUnitReportReporter -->
<testsuite hostname="Begmyrat" failures="0" tests="1" name="tests.DragAndDrop" time="12.201" errors="0" timestamp="2022-11-28T12:10:01 CST" skipped="0">
  <testcase classname="tests.DragAndDrop" name="dragAndDrop" time="12.201"/>
  <system-out/>
</testsuite> <!-- tests.DragAndDrop -->
