<?xml version="1.0" encoding="UTF-8"?>
<!-- Generated by org.testng.reporters.JUnitReportReporter -->
<testsuite hostname="DESKTOP-817HQ94" failures="0" tests="1" name="example.ScrollTest" time="8.107" errors="0" timestamp="2022-09-26T20:43:36 CDT" skipped="0">
  <testcase classname="example.ScrollTest" name="test" time="8.107"/>
  <system-out/>
</testsuite> <!-- example.ScrollTest -->
