<?xml version="1.0" encoding="UTF-8"?>
<!-- Generated by org.testng.reporters.JUnitReportReporter -->
<testsuite hostname="DESKTOP-817HQ94" failures="0" tests="1" name="tests.FileUploadTest" time="21.382" errors="0" timestamp="2022-09-27T14:57:24 CDT" skipped="0">
  <testcase classname="tests.FileUploadTest" name="test" time="21.382"/>
  <system-out/>
</testsuite> <!-- tests.FileUploadTest -->
