<?xml version="1.0" encoding="UTF-8"?>
<!-- Generated by org.testng.reporters.JUnitReportReporter -->
<testsuite hostname="DESKTOP-817HQ94" failures="0" tests="1" name="tests.ExplicitWaitTwo" time="13.424" errors="0" timestamp="2022-10-04T15:52:12 CDT" skipped="0">
  <testcase classname="tests.ExplicitWaitTwo" name="test2" time="13.424"/>
  <system-out/>
</testsuite> <!-- tests.ExplicitWaitTwo -->
