<?xml version="1.0" encoding="UTF-8"?>
<!-- Generated by org.testng.reporters.JUnitReportReporter -->
<testsuite hostname="DESKTOP-817HQ94" failures="0" tests="1" name="example.JSAlerts" time="20.525" errors="0" timestamp="2022-09-26T01:22:29 CDT" skipped="0">
  <testcase classname="example.JSAlerts" name="oppsTest" time="20.525"/>
  <system-out/>
</testsuite> <!-- example.JSAlerts -->
