<?xml version="1.0" encoding="UTF-8"?>
<!-- Generated by org.testng.reporters.JUnitReportReporter -->
<testsuite hostname="SED-7TZPFB3" failures="0" tests="2" name="tests.virifyTextDisappearTest" time="15.770" errors="0" timestamp="2022-11-29T14:42:17 CST" skipped="0">
  <testcase classname="tests.virifyTextDisappearTest" name="verify1" time="14.508"/>
  <system-out/>
  <testcase classname="tests.virifyTextDisappearTest" name="verify2" time="1.262"/>
  <system-out/>
</testsuite> <!-- tests.virifyTextDisappearTest -->
