<?xml version="1.0" encoding="UTF-8"?>
<!-- Generated by org.testng.reporters.JUnitReportReporter -->
<testsuite hostname="DESKTOP-817HQ94" failures="0" tests="2" name="amazon.Test1" time="8.707" errors="0" timestamp="2022-09-21T19:44:16 CDT" skipped="0">
  <testcase classname="amazon.Test1" name="searchBarTestEnter" time="2.576"/>
  <system-out/>
  <testcase classname="amazon.Test1" name="searchBarTestClick" time="6.131"/>
  <system-out/>
</testsuite> <!-- amazon.Test1 -->
