<?xml version="1.0" encoding="UTF-8"?>
<!-- Generated by org.testng.reporters.JUnitReportReporter -->
<testsuite hostname="DESKTOP-817HQ94" failures="0" tests="1" name="example.HoverTest" time="15.478" errors="0" timestamp="2022-09-26T20:27:35 CDT" skipped="0">
  <testcase classname="example.HoverTest" name="test2" time="15.478"/>
  <system-out/>
</testsuite> <!-- example.HoverTest -->
