<?xml version="1.0" encoding="UTF-8"?>
<!-- Generated by org.testng.reporters.JUnitReportReporter -->
<testsuite hostname="SED-7TZPFB3" failures="0" tests="2" name="example.HTMLPopup" time="28.565" errors="0" timestamp="2022-11-29T14:42:17 CST" skipped="0">
  <testcase classname="example.HTMLPopup" name="test1" time="5.285"/>
  <system-out/>
  <testcase classname="example.HTMLPopup" name="oppsTest" time="23.280"/>
  <system-out/>
</testsuite> <!-- example.HTMLPopup -->
