<?xml version="1.0" encoding="UTF-8"?>
<!-- Generated by org.testng.reporters.JUnitReportReporter -->
<testsuite hostname="DESKTOP-817HQ94" failures="0" tests="1" name="tests.LoginTestWithProperties" time="0.047" errors="0" timestamp="2022-10-02T16:33:20 CDT" skipped="0">
  <testcase classname="tests.LoginTestWithProperties" name="readPropertyTest" time="0.047"/>
  <system-out/>
</testsuite> <!-- tests.LoginTestWithProperties -->
