<?xml version="1.0" encoding="UTF-8"?>
<!-- Generated by org.testng.reporters.JUnitReportReporter -->
<testsuite hostname="DESKTOP-817HQ94" failures="0" tests="1" name="tests.WebTablesExample" time="7.701" errors="0" timestamp="2022-09-27T21:59:46 CDT" skipped="0">
  <testcase classname="tests.WebTablesExample" name="allColumns" time="7.701"/>
  <system-out/>
</testsuite> <!-- tests.WebTablesExample -->
