<?xml version="1.0" encoding="UTF-8"?>
<!-- Generated by org.testng.reporters.JUnitReportReporter -->
<testsuite hostname="DESKTOP-817HQ94" failures="0" tests="2" name="example.TabsExample" time="75.712" errors="0" timestamp="2022-09-25T23:57:37 CDT" skipped="0">
  <testcase classname="example.TabsExample" name="changeTab" time="26.085"/>
  <system-out/>
  <testcase classname="example.TabsExample" name="changeTab2" time="49.627"/>
  <system-out/>
</testsuite> <!-- example.TabsExample -->
