<?xml version="1.0" encoding="UTF-8"?>
<!-- Generated by org.testng.reporters.JUnitReportReporter -->
<testsuite hostname="DESKTOP-817HQ94" failures="0" tests="1" name="example.DragAndDrop" time="7.713" errors="0" timestamp="2022-09-26T21:26:09 CDT" skipped="0">
  <testcase classname="example.DragAndDrop" name="dragAndDrop" time="7.713"/>
  <system-out/>
</testsuite> <!-- example.DragAndDrop -->
