<?xml version="1.0" encoding="UTF-8"?>
<!-- Generated by org.testng.reporters.JUnitReportReporter -->
<testsuite hostname="Begmyrat" failures="0" tests="1" name="tests.DragAndDrop" time="10.672" errors="0" timestamp="2022-11-28T12:44:40 CST" skipped="0">
  <testcase classname="tests.DragAndDrop" name="dragAndDrop" time="10.672"/>
  <system-out/>
</testsuite> <!-- tests.DragAndDrop -->
