<?xml version="1.0" encoding="UTF-8"?>
<!-- Generated by org.testng.reporters.JUnitReportReporter -->
<testsuite hostname="Begmyrat" failures="0" tests="1" name="example.FileExistsTest" time="0.005" errors="0" timestamp="2022-11-29T09:46:29 CST" skipped="0">
  <testcase classname="example.FileExistsTest" name="test" time="0.005"/>
  <system-out/>
</testsuite> <!-- example.FileExistsTest -->
