<?xml version="1.0" encoding="UTF-8"?>
<!-- Generated by org.testng.reporters.JUnitReportReporter -->
<testsuite hostname="SED-7TZPFB3" failures="0" tests="1" name="example.FileExistsTest" time="0.002" errors="0" timestamp="2022-11-29T14:26:26 CST" skipped="0">
  <testcase classname="example.FileExistsTest" name="test" time="0.002"/>
  <system-out/>
</testsuite> <!-- example.FileExistsTest -->
